<?xml version="1.0" encoding="UTF-8"?>
<testsuite xmlns:xsi="http://www.w3.org/2001/XMLSchema-instance" xsi:noNamespaceSchemaLocation="https://maven.apache.org/surefire/maven-surefire-plugin/xsd/surefire-test-report.xsd" name="com.ntnu.idatt2105.ReservationControllerTest" time="1.378" tests="4" errors="0" skipped="0" failures="3">
  <properties>
[...]
</properties>
  <testcase name="testFindReservationById" classname="com.ntnu.idatt2105.ReservationControllerTest" time="0.345">
    <failure message="Status expected:&lt;200&gt; but was:&lt;400&gt;" type="java.lang.AssertionError"><![CDATA[java.lang.AssertionError: Status expected:<200> but was:<400>
	at com.ntnu.idatt2105.ReservationControllerTest.testFindReservationById(ReservationControllerTest.java:124)
]]></failure>
    <system-out><![CDATA[2021-05-21 19:21:26.688  INFO 2501 --- [           main] .b.t.c.SpringBootTestContextBootstrapper : Neither @ContextConfiguration nor @ContextHierarchy found for test class [com.ntnu.idatt2105.ReservationControllerTest], using SpringBootContextLoader
2021-05-21 19:21:26.688  INFO 2501 --- [           main] o.s.t.c.support.AbstractContextLoader    : Could not detect default resource locations for test class [com.ntnu.idatt2105.ReservationControllerTest]: no resource found for suffixes {-context.xml, Context.groovy}.
2021-05-21 19:21:26.688  INFO 2501 --- [           main] t.c.s.AnnotationConfigContextLoaderUtils : Could not detect default configuration classes for test class [com.ntnu.idatt2105.ReservationControllerTest]: ReservationControllerTest does not declare any static, non-private, non-final, nested classes annotated with @Configuration.
2021-05-21 19:21:26.691  INFO 2501 --- [           main] .b.t.c.SpringBootTestContextBootstrapper : Found @SpringBootConfiguration com.ntnu.idatt2105.Idatt2105Application for test class com.ntnu.idatt2105.ReservationControllerTest
2021-05-21 19:21:26.692  INFO 2501 --- [           main] .b.t.c.SpringBootTestContextBootstrapper : Loaded default TestExecutionListener class names from location [META-INF/spring.factories]: [org.springframework.boot.test.mock.mockito.MockitoTestExecutionListener, org.springframework.boot.test.mock.mockito.ResetMocksTestExecutionListener, org.springframework.boot.test.autoconfigure.restdocs.RestDocsTestExecutionListener, org.springframework.boot.test.autoconfigure.web.client.MockRestServiceServerResetTestExecutionListener, org.springframework.boot.test.autoconfigure.web.servlet.MockMvcPrintOnlyOnFailureTestExecutionListener, org.springframework.boot.test.autoconfigure.web.servlet.WebDriverTestExecutionListener, org.springframework.boot.test.autoconfigure.webservices.client.MockWebServiceServerTestExecutionListener, org.springframework.test.context.web.ServletTestExecutionListener, org.springframework.test.context.support.DirtiesContextBeforeModesTestExecutionListener, org.springframework.test.context.event.ApplicationEventsTestExecutionListener, org.springframework.test.context.support.DependencyInjectionTestExecutionListener, org.springframework.test.context.support.DirtiesContextTestExecutionListener, org.springframework.test.context.transaction.TransactionalTestExecutionListener, org.springframework.test.context.jdbc.SqlScriptsTestExecutionListener, org.springframework.test.context.event.EventPublishingTestExecutionListener]
2021-05-21 19:21:26.692  INFO 2501 --- [           main] .b.t.c.SpringBootTestContextBootstrapper : Using TestExecutionListeners: [org.springframework.test.context.web.ServletTestExecutionListener@7bdaec1d, org.springframework.test.context.support.DirtiesContextBeforeModesTestExecutionListener@33299721, org.springframework.test.context.event.ApplicationEventsTestExecutionListener@7a4631ce, org.springframework.boot.test.mock.mockito.MockitoTestExecutionListener@af3735f, org.springframework.boot.test.autoconfigure.SpringBootDependencyInjectionTestExecutionListener@2665dc18, org.springframework.test.context.support.DirtiesContextTestExecutionListener@598ac76a, org.springframework.test.context.transaction.TransactionalTestExecutionListener@128955d4, org.springframework.test.context.jdbc.SqlScriptsTestExecutionListener@3f1b551, org.springframework.test.context.event.EventPublishingTestExecutionListener@bfc2c2b, org.springframework.boot.test.mock.mockito.ResetMocksTestExecutionListener@4c21ba9, org.springframework.boot.test.autoconfigure.restdocs.RestDocsTestExecutionListener@5cbdc910, org.springframework.boot.test.autoconfigure.web.client.MockRestServiceServerResetTestExecutionListener@5268a4eb, org.springframework.boot.test.autoconfigure.web.servlet.MockMvcPrintOnlyOnFailureTestExecutionListener@389f57f9, org.springframework.boot.test.autoconfigure.web.servlet.WebDriverTestExecutionListener@2c940c10, org.springframework.boot.test.autoconfigure.webservices.client.MockWebServiceServerTestExecutionListener@1ed3a5db]
2021-05-21 19:21:26.717  INFO 2501 --- [           main] o.s.t.c.transaction.TransactionContext   : Began transaction (1) for test context [DefaultTestContext@5aa54204 testClass = ReservationControllerTest, testInstance = com.ntnu.idatt2105.ReservationControllerTest@64635346, testMethod = testFindReservationById@ReservationControllerTest, testException = [null], mergedContextConfiguration = [WebMergedContextConfiguration@1be7388c testClass = ReservationControllerTest, locations = '{}', classes = '{class com.ntnu.idatt2105.Idatt2105Application}', contextInitializerClasses = '[]', activeProfiles = '{}', propertySourceLocations = '{}', propertySourceProperties = '{org.springframework.boot.test.context.SpringBootTestContextBootstrapper=true}', contextCustomizers = set[[ImportsContextCustomizer@4eeae57d key = [org.springframework.boot.test.autoconfigure.web.servlet.MockMvcAutoConfiguration, org.springframework.boot.test.autoconfigure.web.servlet.MockMvcWebClientAutoConfiguration, org.springframework.boot.test.autoconfigure.web.servlet.MockMvcWebDriverAutoConfiguration, org.springframework.boot.autoconfigure.security.oauth2.client.servlet.OAuth2ClientAutoConfiguration, org.springframework.boot.autoconfigure.security.oauth2.resource.servlet.OAuth2ResourceServerAutoConfiguration, org.springframework.boot.autoconfigure.security.servlet.SecurityAutoConfiguration, org.springframework.boot.autoconfigure.security.servlet.SecurityFilterAutoConfiguration, org.springframework.boot.autoconfigure.security.servlet.UserDetailsServiceAutoConfiguration, org.springframework.boot.test.autoconfigure.web.servlet.MockMvcSecurityConfiguration]], org.springframework.boot.test.context.filter.ExcludeFilterContextCustomizer@682c1e93, org.springframework.boot.test.json.DuplicateJsonObjectContextCustomizerFactory$DuplicateJsonObjectContextCustomizer@5b78fdb1, org.springframework.boot.test.mock.mockito.MockitoContextCustomizer@0, org.springframework.boot.test.web.client.TestRestTemplateContextCustomizer@278f8425, org.springframework.boot.test.autoconfigure.actuate.metrics.MetricsExportContextCustomizerFactory$DisableMetricExportContextCustomizer@61d01788, org.springframework.boot.test.autoconfigure.properties.PropertyMappingContextCustomizer@4b3fa0b3, org.springframework.boot.test.autoconfigure.web.servlet.WebDriverContextCustomizerFactory$Customizer@bdecc21, org.springframework.boot.test.context.SpringBootTestArgs@1, org.springframework.boot.test.context.SpringBootTestWebEnvironment@31edaa7d], resourceBasePath = 'src/main/webapp', contextLoader = 'org.springframework.boot.test.context.SpringBootContextLoader', parent = [null]], attributes = map['org.springframework.test.context.web.ServletTestExecutionListener.activateListener' -> true, 'org.springframework.test.context.web.ServletTestExecutionListener.populatedRequestContextHolder' -> true, 'org.springframework.test.context.web.ServletTestExecutionListener.resetRequestContextHolder' -> true, 'org.springframework.test.context.event.ApplicationEventsTestExecutionListener.recordApplicationEvents' -> false]]; transaction manager [org.springframework.orm.jpa.JpaTransactionManager@442de1af]; rollback [true]
2021-05-21 19:21:26.868  INFO 2501 --- [           main] c.n.idatt2105.aop.TokenRequiredAspect    : tokenInHeader: eyJhbGciOiJIUzI1NiJ9.eyJzdWIiOiIzIiwiaWF0IjoxNjIxNjE3Njg2LCJleHAiOjE2MjE2MjQ4ODYsInJvbGUiOiJBRE1JTiJ9.2ASMMna93p_RfppEyIZewf9DGIFZMcaCn_prWyLSnVM
2021-05-21 19:21:26.898  INFO 2501 --- [           main] c.ntnu.idatt2105.service.SectionService  : Nr of sections in reservation: 0
2021-05-21 19:21:26.939  INFO 2501 --- [           main] c.n.idatt2105.controller.RoomController  : New reservation was made
2021-05-21 19:21:26.971  INFO 2501 --- [           main] c.n.idatt2105.controller.RoomController  : unable not find reservation with id 1

MockHttpServletRequest:
      HTTP Method = POST
      Request URI = /api/v1/reservations/3
       Parameters = {}
          Headers = [Content-Type:"application/json;charset=UTF-8", Authorization:"eyJhbGciOiJIUzI1NiJ9.eyJzdWIiOiIzIiwiaWF0IjoxNjIxNjE3Njg2LCJleHAiOjE2MjE2MjQ4ODYsInJvbGUiOiJBRE1JTiJ9.2ASMMna93p_RfppEyIZewf9DGIFZMcaCn_prWyLSnVM", Content-Length:"131"]
             Body = {"id":1,"startTime":"10:00","endTime":"15:00","date":"2021-06-02","roomName":"Romnavn","sections":[],"user":null,"sectionsById":[]}
    Session Attrs = {}

Handler:
             Type = com.ntnu.idatt2105.controller.ReservationController
           Method = com.ntnu.idatt2105.controller.ReservationController#createReservation(Reservation, long)

Async:
    Async started = false
     Async result = null

Resolved Exception:
             Type = null

ModelAndView:
        View name = null
             View = null
            Model = null

FlashMap:
       Attributes = null

MockHttpServletResponse:
           Status = 201
    Error message = null
          Headers = [Vary:"Origin", "Access-Control-Request-Method", "Access-Control-Request-Headers", Content-Type:"application/json", X-Content-Type-Options:"nosniff", X-XSS-Protection:"1; mode=block", Cache-Control:"no-cache, no-store, max-age=0, must-revalidate", Pragma:"no-cache", Expires:"0", X-Frame-Options:"DENY"]
     Content type = application/json
             Body = {"id":23,"startTime":"10:00","endTime":"15:00","date":"2021-06-02","roomName":"Romnavn","sections":[],"user":{"id":3,"phoneNumber":12345678,"firstname":"Herman","lastname":"Aagaard","email":"herman.aagaard@mail.no","password":"passord","valid":false,"role":{"id":1,"name":"ADMIN"}},"sectionsById":[]}
    Forwarded URL = null
   Redirected URL = null
          Cookies = []

MockHttpServletRequest:
      HTTP Method = GET
      Request URI = /api/v1/reservations/1
       Parameters = {}
          Headers = [Content-Type:"application/json;charset=UTF-8", Authorization:"eyJhbGciOiJIUzI1NiJ9.eyJzdWIiOiIzIiwiaWF0IjoxNjIxNjE3Njg2LCJleHAiOjE2MjE2MjQ4ODYsInJvbGUiOiJBRE1JTiJ9.2ASMMna93p_RfppEyIZewf9DGIFZMcaCn_prWyLSnVM"]
             Body = null
    Session Attrs = {}

Handler:
             Type = com.ntnu.idatt2105.controller.ReservationController
           Method = com.ntnu.idatt2105.controller.ReservationController#findReservationById(long)

Async:
    Async started = false
     Async result = null

Resolved Exception:
             Type = null

ModelAndView:
        View name = null
             View = null
            Model = null

FlashMap:
       Attributes = null

MockHttpServletResponse:
           Status = 400
    Error message = null
          Headers = [Vary:"Origin", "Access-Control-Request-Method", "Access-Control-Request-Headers", X-Content-Type-Options:"nosniff", X-XSS-Protection:"1; mode=block", Cache-Control:"no-cache, no-store, max-age=0, must-revalidate", Pragma:"no-cache", Expires:"0", X-Frame-Options:"DENY"]
     Content type = null
             Body = 
    Forwarded URL = null
   Redirected URL = null
          Cookies = []
2021-05-21 19:21:27.033  INFO 2501 --- [           main] o.s.t.c.transaction.TransactionContext   : Rolled back transaction for test: [DefaultTestContext@5aa54204 testClass = ReservationControllerTest, testInstance = com.ntnu.idatt2105.ReservationControllerTest@64635346, testMethod = testFindReservationById@ReservationControllerTest, testException = java.lang.AssertionError: Status expected:<200> but was:<400>, mergedContextConfiguration = [WebMergedContextConfiguration@1be7388c testClass = ReservationControllerTest, locations = '{}', classes = '{class com.ntnu.idatt2105.Idatt2105Application}', contextInitializerClasses = '[]', activeProfiles = '{}', propertySourceLocations = '{}', propertySourceProperties = '{org.springframework.boot.test.context.SpringBootTestContextBootstrapper=true}', contextCustomizers = set[[ImportsContextCustomizer@4eeae57d key = [org.springframework.boot.test.autoconfigure.web.servlet.MockMvcAutoConfiguration, org.springframework.boot.test.autoconfigure.web.servlet.MockMvcWebClientAutoConfiguration, org.springframework.boot.test.autoconfigure.web.servlet.MockMvcWebDriverAutoConfiguration, org.springframework.boot.autoconfigure.security.oauth2.client.servlet.OAuth2ClientAutoConfiguration, org.springframework.boot.autoconfigure.security.oauth2.resource.servlet.OAuth2ResourceServerAutoConfiguration, org.springframework.boot.autoconfigure.security.servlet.SecurityAutoConfiguration, org.springframework.boot.autoconfigure.security.servlet.SecurityFilterAutoConfiguration, org.springframework.boot.autoconfigure.security.servlet.UserDetailsServiceAutoConfiguration, org.springframework.boot.test.autoconfigure.web.servlet.MockMvcSecurityConfiguration]], org.springframework.boot.test.context.filter.ExcludeFilterContextCustomizer@682c1e93, org.springframework.boot.test.json.DuplicateJsonObjectContextCustomizerFactory$DuplicateJsonObjectContextCustomizer@5b78fdb1, org.springframework.boot.test.mock.mockito.MockitoContextCustomizer@0, org.springframework.boot.test.web.client.TestRestTemplateContextCustomizer@278f8425, org.springframework.boot.test.autoconfigure.actuate.metrics.MetricsExportContextCustomizerFactory$DisableMetricExportContextCustomizer@61d01788, org.springframework.boot.test.autoconfigure.properties.PropertyMappingContextCustomizer@4b3fa0b3, org.springframework.boot.test.autoconfigure.web.servlet.WebDriverContextCustomizerFactory$Customizer@bdecc21, org.springframework.boot.test.context.SpringBootTestArgs@1, org.springframework.boot.test.context.SpringBootTestWebEnvironment@31edaa7d], resourceBasePath = 'src/main/webapp', contextLoader = 'org.springframework.boot.test.context.SpringBootContextLoader', parent = [null]], attributes = map['org.springframework.test.context.web.ServletTestExecutionListener.activateListener' -> true, 'org.springframework.test.context.web.ServletTestExecutionListener.populatedRequestContextHolder' -> true, 'org.springframework.test.context.web.ServletTestExecutionListener.resetRequestContextHolder' -> true, 'org.springframework.test.context.event.ApplicationEventsTestExecutionListener.recordApplicationEvents' -> false]]
]]></system-out>
  </testcase>
  <testcase name="testDeleteReservation" classname="com.ntnu.idatt2105.ReservationControllerTest" time="0.28">
    <failure message="Status expected:&lt;200&gt; but was:&lt;400&gt;" type="java.lang.AssertionError"><![CDATA[java.lang.AssertionError: Status expected:<200> but was:<400>
	at com.ntnu.idatt2105.ReservationControllerTest.testDeleteReservation(ReservationControllerTest.java:95)
]]></failure>
    <system-out><![CDATA[2021-05-21 19:21:27.062  INFO 2501 --- [           main] o.s.t.c.transaction.TransactionContext   : Began transaction (1) for test context [DefaultTestContext@5aa54204 testClass = ReservationControllerTest, testInstance = com.ntnu.idatt2105.ReservationControllerTest@51e51276, testMethod = testDeleteReservation@ReservationControllerTest, testException = [null], mergedContextConfiguration = [WebMergedContextConfiguration@1be7388c testClass = ReservationControllerTest, locations = '{}', classes = '{class com.ntnu.idatt2105.Idatt2105Application}', contextInitializerClasses = '[]', activeProfiles = '{}', propertySourceLocations = '{}', propertySourceProperties = '{org.springframework.boot.test.context.SpringBootTestContextBootstrapper=true}', contextCustomizers = set[[ImportsContextCustomizer@4eeae57d key = [org.springframework.boot.test.autoconfigure.web.servlet.MockMvcAutoConfiguration, org.springframework.boot.test.autoconfigure.web.servlet.MockMvcWebClientAutoConfiguration, org.springframework.boot.test.autoconfigure.web.servlet.MockMvcWebDriverAutoConfiguration, org.springframework.boot.autoconfigure.security.oauth2.client.servlet.OAuth2ClientAutoConfiguration, org.springframework.boot.autoconfigure.security.oauth2.resource.servlet.OAuth2ResourceServerAutoConfiguration, org.springframework.boot.autoconfigure.security.servlet.SecurityAutoConfiguration, org.springframework.boot.autoconfigure.security.servlet.SecurityFilterAutoConfiguration, org.springframework.boot.autoconfigure.security.servlet.UserDetailsServiceAutoConfiguration, org.springframework.boot.test.autoconfigure.web.servlet.MockMvcSecurityConfiguration]], org.springframework.boot.test.context.filter.ExcludeFilterContextCustomizer@682c1e93, org.springframework.boot.test.json.DuplicateJsonObjectContextCustomizerFactory$DuplicateJsonObjectContextCustomizer@5b78fdb1, org.springframework.boot.test.mock.mockito.MockitoContextCustomizer@0, org.springframework.boot.test.web.client.TestRestTemplateContextCustomizer@278f8425, org.springframework.boot.test.autoconfigure.actuate.metrics.MetricsExportContextCustomizerFactory$DisableMetricExportContextCustomizer@61d01788, org.springframework.boot.test.autoconfigure.properties.PropertyMappingContextCustomizer@4b3fa0b3, org.springframework.boot.test.autoconfigure.web.servlet.WebDriverContextCustomizerFactory$Customizer@bdecc21, org.springframework.boot.test.context.SpringBootTestArgs@1, org.springframework.boot.test.context.SpringBootTestWebEnvironment@31edaa7d], resourceBasePath = 'src/main/webapp', contextLoader = 'org.springframework.boot.test.context.SpringBootContextLoader', parent = [null]], attributes = map['org.springframework.test.context.web.ServletTestExecutionListener.activateListener' -> true, 'org.springframework.test.context.web.ServletTestExecutionListener.populatedRequestContextHolder' -> true, 'org.springframework.test.context.web.ServletTestExecutionListener.resetRequestContextHolder' -> true, 'org.springframework.test.context.event.ApplicationEventsTestExecutionListener.recordApplicationEvents' -> false]]; transaction manager [org.springframework.orm.jpa.JpaTransactionManager@442de1af]; rollback [true]
2021-05-21 19:21:27.171  INFO 2501 --- [           main] c.n.idatt2105.aop.TokenRequiredAspect    : tokenInHeader: eyJhbGciOiJIUzI1NiJ9.eyJzdWIiOiI0IiwiaWF0IjoxNjIxNjE3Njg3LCJleHAiOjE2MjE2MjQ4ODcsInJvbGUiOiJBRE1JTiJ9.6uec2lTElshtfRLJlxAoN1zqTQ5fr2Ljrh4IG__r_rw
2021-05-21 19:21:27.194  INFO 2501 --- [           main] c.ntnu.idatt2105.service.SectionService  : Nr of sections in reservation: 0
2021-05-21 19:21:27.238  INFO 2501 --- [           main] c.n.idatt2105.controller.RoomController  : New reservation was made
2021-05-21 19:21:27.240  INFO 2501 --- [           main] c.n.idatt2105.aop.TokenRequiredAspect    : tokenInHeader: eyJhbGciOiJIUzI1NiJ9.eyJzdWIiOiI0IiwiaWF0IjoxNjIxNjE3Njg3LCJleHAiOjE2MjE2MjQ4ODcsInJvbGUiOiJBRE1JTiJ9.6uec2lTElshtfRLJlxAoN1zqTQ5fr2Ljrh4IG__r_rw

MockHttpServletRequest:
      HTTP Method = POST
      Request URI = /api/v1/reservations/4
       Parameters = {}
          Headers = [Content-Type:"application/json;charset=UTF-8", Authorization:"eyJhbGciOiJIUzI1NiJ9.eyJzdWIiOiI0IiwiaWF0IjoxNjIxNjE3Njg3LCJleHAiOjE2MjE2MjQ4ODcsInJvbGUiOiJBRE1JTiJ9.6uec2lTElshtfRLJlxAoN1zqTQ5fr2Ljrh4IG__r_rw", Content-Length:"131"]
             Body = {"id":3,"startTime":"10:00","endTime":"15:00","date":"2021-06-02","roomName":"Romnavn","sections":[],"user":null,"sectionsById":[]}
    Session Attrs = {}

Handler:
             Type = com.ntnu.idatt2105.controller.ReservationController
           Method = com.ntnu.idatt2105.controller.ReservationController#createReservation(Reservation, long)

Async:
    Async started = false
     Async result = null

Resolved Exception:
             Type = null

ModelAndView:
        View name = null
             View = null
            Model = null

FlashMap:
       Attributes = null

MockHttpServletResponse:
           Status = 201
    Error message = null
          Headers = [Vary:"Origin", "Access-Control-Request-Method", "Access-Control-Request-Headers", Content-Type:"application/json", X-Content-Type-Options:"nosniff", X-XSS-Protection:"1; mode=block", Cache-Control:"no-cache, no-store, max-age=0, must-revalidate", Pragma:"no-cache", Expires:"0", X-Frame-Options:"DENY"]
     Content type = application/json
             Body = {"id":25,"startTime":"10:00","endTime":"15:00","date":"2021-06-02","roomName":"Romnavn","sections":[],"user":{"id":4,"phoneNumber":12345678,"firstname":"Herman","lastname":"Aagaard","email":"herman.aagaard@mail.no","password":"passord","valid":false,"role":{"id":1,"name":"ADMIN"}},"sectionsById":[]}
    Forwarded URL = null
   Redirected URL = null
          Cookies = []

MockHttpServletRequest:
      HTTP Method = DELETE
      Request URI = /api/v1/reservations/3
       Parameters = {}
          Headers = [Content-Type:"application/json;charset=UTF-8", Authorization:"eyJhbGciOiJIUzI1NiJ9.eyJzdWIiOiI0IiwiaWF0IjoxNjIxNjE3Njg3LCJleHAiOjE2MjE2MjQ4ODcsInJvbGUiOiJBRE1JTiJ9.6uec2lTElshtfRLJlxAoN1zqTQ5fr2Ljrh4IG__r_rw"]
             Body = null
    Session Attrs = {}

Handler:
             Type = com.ntnu.idatt2105.controller.ReservationController
           Method = com.ntnu.idatt2105.controller.ReservationController#deleteReservationUser(long)

Async:
    Async started = false
     Async result = null

Resolved Exception:
             Type = null

ModelAndView:
        View name = null
             View = null
            Model = null

FlashMap:
       Attributes = null

MockHttpServletResponse:
           Status = 400
    Error message = null
          Headers = [Vary:"Origin", "Access-Control-Request-Method", "Access-Control-Request-Headers", X-Content-Type-Options:"nosniff", X-XSS-Protection:"1; mode=block", Cache-Control:"no-cache, no-store, max-age=0, must-revalidate", Pragma:"no-cache", Expires:"0", X-Frame-Options:"DENY"]
     Content type = null
             Body = 
    Forwarded URL = null
   Redirected URL = null
          Cookies = []
2021-05-21 19:21:27.316  INFO 2501 --- [           main] o.s.t.c.transaction.TransactionContext   : Rolled back transaction for test: [DefaultTestContext@5aa54204 testClass = ReservationControllerTest, testInstance = com.ntnu.idatt2105.ReservationControllerTest@51e51276, testMethod = testDeleteReservation@ReservationControllerTest, testException = java.lang.AssertionError: Status expected:<200> but was:<400>, mergedContextConfiguration = [WebMergedContextConfiguration@1be7388c testClass = ReservationControllerTest, locations = '{}', classes = '{class com.ntnu.idatt2105.Idatt2105Application}', contextInitializerClasses = '[]', activeProfiles = '{}', propertySourceLocations = '{}', propertySourceProperties = '{org.springframework.boot.test.context.SpringBootTestContextBootstrapper=true}', contextCustomizers = set[[ImportsContextCustomizer@4eeae57d key = [org.springframework.boot.test.autoconfigure.web.servlet.MockMvcAutoConfiguration, org.springframework.boot.test.autoconfigure.web.servlet.MockMvcWebClientAutoConfiguration, org.springframework.boot.test.autoconfigure.web.servlet.MockMvcWebDriverAutoConfiguration, org.springframework.boot.autoconfigure.security.oauth2.client.servlet.OAuth2ClientAutoConfiguration, org.springframework.boot.autoconfigure.security.oauth2.resource.servlet.OAuth2ResourceServerAutoConfiguration, org.springframework.boot.autoconfigure.security.servlet.SecurityAutoConfiguration, org.springframework.boot.autoconfigure.security.servlet.SecurityFilterAutoConfiguration, org.springframework.boot.autoconfigure.security.servlet.UserDetailsServiceAutoConfiguration, org.springframework.boot.test.autoconfigure.web.servlet.MockMvcSecurityConfiguration]], org.springframework.boot.test.context.filter.ExcludeFilterContextCustomizer@682c1e93, org.springframework.boot.test.json.DuplicateJsonObjectContextCustomizerFactory$DuplicateJsonObjectContextCustomizer@5b78fdb1, org.springframework.boot.test.mock.mockito.MockitoContextCustomizer@0, org.springframework.boot.test.web.client.TestRestTemplateContextCustomizer@278f8425, org.springframework.boot.test.autoconfigure.actuate.metrics.MetricsExportContextCustomizerFactory$DisableMetricExportContextCustomizer@61d01788, org.springframework.boot.test.autoconfigure.properties.PropertyMappingContextCustomizer@4b3fa0b3, org.springframework.boot.test.autoconfigure.web.servlet.WebDriverContextCustomizerFactory$Customizer@bdecc21, org.springframework.boot.test.context.SpringBootTestArgs@1, org.springframework.boot.test.context.SpringBootTestWebEnvironment@31edaa7d], resourceBasePath = 'src/main/webapp', contextLoader = 'org.springframework.boot.test.context.SpringBootContextLoader', parent = [null]], attributes = map['org.springframework.test.context.web.ServletTestExecutionListener.activateListener' -> true, 'org.springframework.test.context.web.ServletTestExecutionListener.populatedRequestContextHolder' -> true, 'org.springframework.test.context.web.ServletTestExecutionListener.resetRequestContextHolder' -> true, 'org.springframework.test.context.event.ApplicationEventsTestExecutionListener.recordApplicationEvents' -> false]]
]]></system-out>
    <system-err><![CDATA[java.lang.NullPointerException: Cannot invoke "com.ntnu.idatt2105.model.Reservation.getUser()" because "reservation" is null
	at com.ntnu.idatt2105.service.ReservationService.deleteReservation(ReservationService.java:137)
	at com.ntnu.idatt2105.service.ReservationService$$FastClassBySpringCGLIB$$a1b4b39a.invoke(<generated>)
	at org.springframework.cglib.proxy.MethodProxy.invoke(MethodProxy.java:218)
	at org.springframework.aop.framework.CglibAopProxy$DynamicAdvisedInterceptor.intercept(CglibAopProxy.java:688)
	at com.ntnu.idatt2105.service.ReservationService$$EnhancerBySpringCGLIB$$e1d71a06.deleteReservation(<generated>)
	at com.ntnu.idatt2105.controller.ReservationController.deleteReservationUser(ReservationController.java:62)
	at com.ntnu.idatt2105.controller.ReservationController$$FastClassBySpringCGLIB$$8b5d4fee.invoke(<generated>)
	at org.springframework.cglib.proxy.MethodProxy.invoke(MethodProxy.java:218)
	at org.springframework.aop.framework.CglibAopProxy$CglibMethodInvocation.invokeJoinpoint(CglibAopProxy.java:779)
	at org.springframework.aop.framework.ReflectiveMethodInvocation.proceed(ReflectiveMethodInvocation.java:163)
	at org.springframework.aop.framework.CglibAopProxy$CglibMethodInvocation.proceed(CglibAopProxy.java:750)
	at org.springframework.aop.framework.adapter.MethodBeforeAdviceInterceptor.invoke(MethodBeforeAdviceInterceptor.java:58)
	at org.springframework.aop.framework.ReflectiveMethodInvocation.proceed(ReflectiveMethodInvocation.java:175)
	at org.springframework.aop.framework.CglibAopProxy$CglibMethodInvocation.proceed(CglibAopProxy.java:750)
	at org.springframework.aop.interceptor.ExposeInvocationInterceptor.invoke(ExposeInvocationInterceptor.java:97)
	at org.springframework.aop.framework.ReflectiveMethodInvocation.proceed(ReflectiveMethodInvocation.java:186)
	at org.springframework.aop.framework.CglibAopProxy$CglibMethodInvocation.proceed(CglibAopProxy.java:750)
	at org.springframework.aop.framework.CglibAopProxy$DynamicAdvisedInterceptor.intercept(CglibAopProxy.java:692)
	at com.ntnu.idatt2105.controller.ReservationController$$EnhancerBySpringCGLIB$$5121d6c.deleteReservationUser(<generated>)
	at java.base/jdk.internal.reflect.NativeMethodAccessorImpl.invoke0(Native Method)
	at java.base/jdk.internal.reflect.NativeMethodAccessorImpl.invoke(NativeMethodAccessorImpl.java:64)
	at java.base/jdk.internal.reflect.DelegatingMethodAccessorImpl.invoke(DelegatingMethodAccessorImpl.java:43)
	at java.base/java.lang.reflect.Method.invoke(Method.java:564)
	at org.springframework.web.method.support.InvocableHandlerMethod.doInvoke(InvocableHandlerMethod.java:197)
	at org.springframework.web.method.support.InvocableHandlerMethod.invokeForRequest(InvocableHandlerMethod.java:141)
	at org.springframework.web.servlet.mvc.method.annotation.ServletInvocableHandlerMethod.invokeAndHandle(ServletInvocableHandlerMethod.java:106)
	at org.springframework.web.servlet.mvc.method.annotation.RequestMappingHandlerAdapter.invokeHandlerMethod(RequestMappingHandlerAdapter.java:894)
	at org.springframework.web.servlet.mvc.method.annotation.RequestMappingHandlerAdapter.handleInternal(RequestMappingHandlerAdapter.java:808)
	at org.springframework.web.servlet.mvc.method.AbstractHandlerMethodAdapter.handle(AbstractHandlerMethodAdapter.java:87)
	at org.springframework.web.servlet.DispatcherServlet.doDispatch(DispatcherServlet.java:1060)
	at org.springframework.web.servlet.DispatcherServlet.doService(DispatcherServlet.java:962)
	at org.springframework.web.servlet.FrameworkServlet.processRequest(FrameworkServlet.java:1006)
	at org.springframework.web.servlet.FrameworkServlet.doDelete(FrameworkServlet.java:931)
	at javax.servlet.http.HttpServlet.service(HttpServlet.java:658)
	at org.springframework.web.servlet.FrameworkServlet.service(FrameworkServlet.java:883)
	at org.springframework.test.web.servlet.TestDispatcherServlet.service(TestDispatcherServlet.java:72)
	at javax.servlet.http.HttpServlet.service(HttpServlet.java:733)
	at org.springframework.mock.web.MockFilterChain$ServletFilterProxy.doFilter(MockFilterChain.java:167)
	at org.springframework.mock.web.MockFilterChain.doFilter(MockFilterChain.java:134)
	at org.springframework.web.filter.OncePerRequestFilter.doFilter(OncePerRequestFilter.java:113)
	at org.springframework.mock.web.MockFilterChain.doFilter(MockFilterChain.java:134)
	at org.springframework.security.web.FilterChainProxy$VirtualFilterChain.doFilter(FilterChainProxy.java:327)
	at org.springframework.security.web.access.intercept.FilterSecurityInterceptor.invoke(FilterSecurityInterceptor.java:115)
	at org.springframework.security.web.access.intercept.FilterSecurityInterceptor.doFilter(FilterSecurityInterceptor.java:81)
	at org.springframework.security.web.FilterChainProxy$VirtualFilterChain.doFilter(FilterChainProxy.java:336)
	at org.springframework.security.web.access.ExceptionTranslationFilter.doFilter(ExceptionTranslationFilter.java:119)
	at org.springframework.security.web.access.ExceptionTranslationFilter.doFilter(ExceptionTranslationFilter.java:113)
	at org.springframework.security.web.FilterChainProxy$VirtualFilterChain.doFilter(FilterChainProxy.java:336)
	at org.springframework.security.web.session.SessionManagementFilter.doFilter(SessionManagementFilter.java:126)
	at org.springframework.security.web.session.SessionManagementFilter.doFilter(SessionManagementFilter.java:81)
	at org.springframework.security.web.FilterChainProxy$VirtualFilterChain.doFilter(FilterChainProxy.java:336)
	at org.springframework.security.web.authentication.AnonymousAuthenticationFilter.doFilter(AnonymousAuthenticationFilter.java:105)
	at org.springframework.security.web.FilterChainProxy$VirtualFilterChain.doFilter(FilterChainProxy.java:336)
	at org.springframework.security.web.servletapi.SecurityContextHolderAwareRequestFilter.doFilter(SecurityContextHolderAwareRequestFilter.java:149)
	at org.springframework.security.web.FilterChainProxy$VirtualFilterChain.doFilter(FilterChainProxy.java:336)
	at org.springframework.security.web.savedrequest.RequestCacheAwareFilter.doFilter(RequestCacheAwareFilter.java:63)
	at org.springframework.security.web.FilterChainProxy$VirtualFilterChain.doFilter(FilterChainProxy.java:336)
	at org.springframework.security.web.authentication.logout.LogoutFilter.doFilter(LogoutFilter.java:103)
	at org.springframework.security.web.authentication.logout.LogoutFilter.doFilter(LogoutFilter.java:89)
	at org.springframework.security.web.FilterChainProxy$VirtualFilterChain.doFilter(FilterChainProxy.java:336)
	at org.springframework.web.filter.CorsFilter.doFilterInternal(CorsFilter.java:91)
	at org.springframework.web.filter.OncePerRequestFilter.doFilter(OncePerRequestFilter.java:119)
	at org.springframework.security.web.FilterChainProxy$VirtualFilterChain.doFilter(FilterChainProxy.java:336)
	at org.springframework.security.web.header.HeaderWriterFilter.doHeadersAfter(HeaderWriterFilter.java:90)
	at org.springframework.security.web.header.HeaderWriterFilter.doFilterInternal(HeaderWriterFilter.java:75)
	at org.springframework.web.filter.OncePerRequestFilter.doFilter(OncePerRequestFilter.java:119)
	at org.springframework.security.web.FilterChainProxy$VirtualFilterChain.doFilter(FilterChainProxy.java:336)
	at org.springframework.security.web.context.SecurityContextPersistenceFilter.doFilter(SecurityContextPersistenceFilter.java:110)
	at org.springframework.security.web.context.SecurityContextPersistenceFilter.doFilter(SecurityContextPersistenceFilter.java:80)
	at org.springframework.security.web.FilterChainProxy$VirtualFilterChain.doFilter(FilterChainProxy.java:336)
	at org.springframework.security.web.context.request.async.WebAsyncManagerIntegrationFilter.doFilterInternal(WebAsyncManagerIntegrationFilter.java:55)
	at org.springframework.web.filter.OncePerRequestFilter.doFilter(OncePerRequestFilter.java:119)
	at org.springframework.security.web.FilterChainProxy$VirtualFilterChain.doFilter(FilterChainProxy.java:336)
	at org.springframework.security.web.FilterChainProxy.doFilterInternal(FilterChainProxy.java:211)
	at org.springframework.security.web.FilterChainProxy.doFilter(FilterChainProxy.java:183)
	at org.springframework.web.filter.DelegatingFilterProxy.invokeDelegate(DelegatingFilterProxy.java:358)
	at org.springframework.web.filter.DelegatingFilterProxy.doFilter(DelegatingFilterProxy.java:271)
	at org.springframework.mock.web.MockFilterChain.doFilter(MockFilterChain.java:134)
	at org.springframework.web.filter.RequestContextFilter.doFilterInternal(RequestContextFilter.java:100)
	at org.springframework.web.filter.OncePerRequestFilter.doFilter(OncePerRequestFilter.java:119)
	at org.springframework.mock.web.MockFilterChain.doFilter(MockFilterChain.java:134)
	at org.springframework.web.filter.FormContentFilter.doFilterInternal(FormContentFilter.java:93)
	at org.springframework.web.filter.OncePerRequestFilter.doFilter(OncePerRequestFilter.java:119)
	at org.springframework.mock.web.MockFilterChain.doFilter(MockFilterChain.java:134)
	at org.springframework.web.filter.CharacterEncodingFilter.doFilterInternal(CharacterEncodingFilter.java:201)
	at org.springframework.web.filter.OncePerRequestFilter.doFilter(OncePerRequestFilter.java:119)
	at org.springframework.mock.web.MockFilterChain.doFilter(MockFilterChain.java:134)
	at org.springframework.test.web.servlet.MockMvc.perform(MockMvc.java:183)
	at com.ntnu.idatt2105.ReservationControllerTest.testDeleteReservation(ReservationControllerTest.java:92)
	at java.base/jdk.internal.reflect.NativeMethodAccessorImpl.invoke0(Native Method)
	at java.base/jdk.internal.reflect.NativeMethodAccessorImpl.invoke(NativeMethodAccessorImpl.java:64)
	at java.base/jdk.internal.reflect.DelegatingMethodAccessorImpl.invoke(DelegatingMethodAccessorImpl.java:43)
	at java.base/java.lang.reflect.Method.invoke(Method.java:564)
	at org.junit.platform.commons.util.ReflectionUtils.invokeMethod(ReflectionUtils.java:688)
	at org.junit.jupiter.engine.execution.MethodInvocation.proceed(MethodInvocation.java:60)
	at org.junit.jupiter.engine.execution.InvocationInterceptorChain$ValidatingInvocation.proceed(InvocationInterceptorChain.java:131)
	at org.junit.jupiter.engine.extension.TimeoutExtension.intercept(TimeoutExtension.java:149)
	at org.junit.jupiter.engine.extension.TimeoutExtension.interceptTestableMethod(TimeoutExtension.java:140)
	at org.junit.jupiter.engine.extension.TimeoutExtension.interceptTestMethod(TimeoutExtension.java:84)
	at org.junit.jupiter.engine.execution.ExecutableInvoker$ReflectiveInterceptorCall.lambda$ofVoidMethod$0(ExecutableInvoker.java:115)
	at org.junit.jupiter.engine.execution.ExecutableInvoker.lambda$invoke$0(ExecutableInvoker.java:105)
	at org.junit.jupiter.engine.execution.InvocationInterceptorChain$InterceptedInvocation.proceed(InvocationInterceptorChain.java:106)
	at org.junit.jupiter.engine.execution.InvocationInterceptorChain.proceed(InvocationInterceptorChain.java:64)
	at org.junit.jupiter.engine.execution.InvocationInterceptorChain.chainAndInvoke(InvocationInterceptorChain.java:45)
	at org.junit.jupiter.engine.execution.InvocationInterceptorChain.invoke(InvocationInterceptorChain.java:37)
	at org.junit.jupiter.engine.execution.ExecutableInvoker.invoke(ExecutableInvoker.java:104)
	at org.junit.jupiter.engine.execution.ExecutableInvoker.invoke(ExecutableInvoker.java:98)
	at org.junit.jupiter.engine.descriptor.TestMethodTestDescriptor.lambda$invokeTestMethod$6(TestMethodTestDescriptor.java:210)
	at org.junit.platform.engine.support.hierarchical.ThrowableCollector.execute(ThrowableCollector.java:73)
	at org.junit.jupiter.engine.descriptor.TestMethodTestDescriptor.invokeTestMethod(TestMethodTestDescriptor.java:206)
	at org.junit.jupiter.engine.descriptor.TestMethodTestDescriptor.execute(TestMethodTestDescriptor.java:131)
	at org.junit.jupiter.engine.descriptor.TestMethodTestDescriptor.execute(TestMethodTestDescriptor.java:65)
	at org.junit.platform.engine.support.hierarchical.NodeTestTask.lambda$executeRecursively$5(NodeTestTask.java:139)
	at org.junit.platform.engine.support.hierarchical.ThrowableCollector.execute(ThrowableCollector.java:73)
	at org.junit.platform.engine.support.hierarchical.NodeTestTask.lambda$executeRecursively$7(NodeTestTask.java:129)
	at org.junit.platform.engine.support.hierarchical.Node.around(Node.java:137)
	at org.junit.platform.engine.support.hierarchical.NodeTestTask.lambda$executeRecursively$8(NodeTestTask.java:127)
	at org.junit.platform.engine.support.hierarchical.ThrowableCollector.execute(ThrowableCollector.java:73)
	at org.junit.platform.engine.support.hierarchical.NodeTestTask.executeRecursively(NodeTestTask.java:126)
	at org.junit.platform.engine.support.hierarchical.NodeTestTask.execute(NodeTestTask.java:84)
	at java.base/java.util.ArrayList.forEach(ArrayList.java:1511)
	at org.junit.platform.engine.support.hierarchical.SameThreadHierarchicalTestExecutorService.invokeAll(SameThreadHierarchicalTestExecutorService.java:38)
	at org.junit.platform.engine.support.hierarchical.NodeTestTask.lambda$executeRecursively$5(NodeTestTask.java:143)
	at org.junit.platform.engine.support.hierarchical.ThrowableCollector.execute(ThrowableCollector.java:73)
	at org.junit.platform.engine.support.hierarchical.NodeTestTask.lambda$executeRecursively$7(NodeTestTask.java:129)
	at org.junit.platform.engine.support.hierarchical.Node.around(Node.java:137)
	at org.junit.platform.engine.support.hierarchical.NodeTestTask.lambda$executeRecursively$8(NodeTestTask.java:127)
	at org.junit.platform.engine.support.hierarchical.ThrowableCollector.execute(ThrowableCollector.java:73)
	at org.junit.platform.engine.support.hierarchical.NodeTestTask.executeRecursively(NodeTestTask.java:126)
	at org.junit.platform.engine.support.hierarchical.NodeTestTask.execute(NodeTestTask.java:84)
	at java.base/java.util.ArrayList.forEach(ArrayList.java:1511)
	at org.junit.platform.engine.support.hierarchical.SameThreadHierarchicalTestExecutorService.invokeAll(SameThreadHierarchicalTestExecutorService.java:38)
	at org.junit.platform.engine.support.hierarchical.NodeTestTask.lambda$executeRecursively$5(NodeTestTask.java:143)
	at org.junit.platform.engine.support.hierarchical.ThrowableCollector.execute(ThrowableCollector.java:73)
	at org.junit.platform.engine.support.hierarchical.NodeTestTask.lambda$executeRecursively$7(NodeTestTask.java:129)
	at org.junit.platform.engine.support.hierarchical.Node.around(Node.java:137)
	at org.junit.platform.engine.support.hierarchical.NodeTestTask.lambda$executeRecursively$8(NodeTestTask.java:127)
	at org.junit.platform.engine.support.hierarchical.ThrowableCollector.execute(ThrowableCollector.java:73)
	at org.junit.platform.engine.support.hierarchical.NodeTestTask.executeRecursively(NodeTestTask.java:126)
	at org.junit.platform.engine.support.hierarchical.NodeTestTask.execute(NodeTestTask.java:84)
	at org.junit.platform.engine.support.hierarchical.SameThreadHierarchicalTestExecutorService.submit(SameThreadHierarchicalTestExecutorService.java:32)
	at org.junit.platform.engine.support.hierarchical.HierarchicalTestExecutor.execute(HierarchicalTestExecutor.java:57)
	at org.junit.platform.engine.support.hierarchical.HierarchicalTestEngine.execute(HierarchicalTestEngine.java:51)
	at org.junit.platform.launcher.core.DefaultLauncher.execute(DefaultLauncher.java:220)
	at org.junit.platform.launcher.core.DefaultLauncher.lambda$execute$6(DefaultLauncher.java:188)
	at org.junit.platform.launcher.core.DefaultLauncher.withInterceptedStreams(DefaultLauncher.java:202)
	at org.junit.platform.launcher.core.DefaultLauncher.execute(DefaultLauncher.java:181)
	at org.junit.platform.launcher.core.DefaultLauncher.execute(DefaultLauncher.java:128)
	at org.apache.maven.surefire.junitplatform.JUnitPlatformProvider.invokeAllTests(JUnitPlatformProvider.java:150)
	at org.apache.maven.surefire.junitplatform.JUnitPlatformProvider.invoke(JUnitPlatformProvider.java:124)
	at org.apache.maven.surefire.booter.ForkedBooter.invokeProviderInSameClassLoader(ForkedBooter.java:384)
	at org.apache.maven.surefire.booter.ForkedBooter.runSuitesInProcess(ForkedBooter.java:345)
	at org.apache.maven.surefire.booter.ForkedBooter.execute(ForkedBooter.java:126)
	at org.apache.maven.surefire.booter.ForkedBooter.main(ForkedBooter.java:418)
]]></system-err>
  </testcase>
  <testcase name="testCreateReservation" classname="com.ntnu.idatt2105.ReservationControllerTest" time="0.249"/>
  <testcase name="testFindAllReservations" classname="com.ntnu.idatt2105.ReservationControllerTest" time="0.501">
    <failure message="JSON path &quot;$[0].roomName&quot;&#10;Expected: is &quot;Romnavn&quot;&#10;     but: was &quot;SKM201&quot;" type="java.lang.AssertionError">java.lang.AssertionError: 
JSON path "$[0].roomName"
Expected: is "Romnavn"
     but: was "SKM201"
	at com.ntnu.idatt2105.ReservationControllerTest.testFindAllReservations(ReservationControllerTest.java:107)
</failure>
    <system-out><![CDATA[2021-05-21 19:21:27.590  INFO 2501 --- [           main] o.s.t.c.transaction.TransactionContext   : Began transaction (1) for test context [DefaultTestContext@5aa54204 testClass = ReservationControllerTest, testInstance = com.ntnu.idatt2105.ReservationControllerTest@c984aee, testMethod = testFindAllReservations@ReservationControllerTest, testException = [null], mergedContextConfiguration = [WebMergedContextConfiguration@1be7388c testClass = ReservationControllerTest, locations = '{}', classes = '{class com.ntnu.idatt2105.Idatt2105Application}', contextInitializerClasses = '[]', activeProfiles = '{}', propertySourceLocations = '{}', propertySourceProperties = '{org.springframework.boot.test.context.SpringBootTestContextBootstrapper=true}', contextCustomizers = set[[ImportsContextCustomizer@4eeae57d key = [org.springframework.boot.test.autoconfigure.web.servlet.MockMvcAutoConfiguration, org.springframework.boot.test.autoconfigure.web.servlet.MockMvcWebClientAutoConfiguration, org.springframework.boot.test.autoconfigure.web.servlet.MockMvcWebDriverAutoConfiguration, org.springframework.boot.autoconfigure.security.oauth2.client.servlet.OAuth2ClientAutoConfiguration, org.springframework.boot.autoconfigure.security.oauth2.resource.servlet.OAuth2ResourceServerAutoConfiguration, org.springframework.boot.autoconfigure.security.servlet.SecurityAutoConfiguration, org.springframework.boot.autoconfigure.security.servlet.SecurityFilterAutoConfiguration, org.springframework.boot.autoconfigure.security.servlet.UserDetailsServiceAutoConfiguration, org.springframework.boot.test.autoconfigure.web.servlet.MockMvcSecurityConfiguration]], org.springframework.boot.test.context.filter.ExcludeFilterContextCustomizer@682c1e93, org.springframework.boot.test.json.DuplicateJsonObjectContextCustomizerFactory$DuplicateJsonObjectContextCustomizer@5b78fdb1, org.springframework.boot.test.mock.mockito.MockitoContextCustomizer@0, org.springframework.boot.test.web.client.TestRestTemplateContextCustomizer@278f8425, org.springframework.boot.test.autoconfigure.actuate.metrics.MetricsExportContextCustomizerFactory$DisableMetricExportContextCustomizer@61d01788, org.springframework.boot.test.autoconfigure.properties.PropertyMappingContextCustomizer@4b3fa0b3, org.springframework.boot.test.autoconfigure.web.servlet.WebDriverContextCustomizerFactory$Customizer@bdecc21, org.springframework.boot.test.context.SpringBootTestArgs@1, org.springframework.boot.test.context.SpringBootTestWebEnvironment@31edaa7d], resourceBasePath = 'src/main/webapp', contextLoader = 'org.springframework.boot.test.context.SpringBootContextLoader', parent = [null]], attributes = map['org.springframework.test.context.web.ServletTestExecutionListener.activateListener' -> true, 'org.springframework.test.context.web.ServletTestExecutionListener.populatedRequestContextHolder' -> true, 'org.springframework.test.context.web.ServletTestExecutionListener.resetRequestContextHolder' -> true, 'org.springframework.test.context.event.ApplicationEventsTestExecutionListener.recordApplicationEvents' -> false]]; transaction manager [org.springframework.orm.jpa.JpaTransactionManager@442de1af]; rollback [true]
2021-05-21 19:21:28.000  INFO 2501 --- [           main] c.n.idatt2105.controller.RoomController  : Successfully fetching reservations

MockHttpServletRequest:
      HTTP Method = GET
      Request URI = /api/v1/reservations
       Parameters = {}
          Headers = [Content-Type:"application/json;charset=UTF-8", Authorization:"eyJhbGciOiJIUzI1NiJ9.eyJzdWIiOiI2IiwiaWF0IjoxNjIxNjE3Njg3LCJleHAiOjE2MjE2MjQ4ODcsInJvbGUiOiJBRE1JTiJ9.bdmvSBf0CjNnWc48OvpTMThSRaQ4O2a3oSfo7MzCCaQ"]
             Body = null
    Session Attrs = {}

Handler:
             Type = com.ntnu.idatt2105.controller.ReservationController
           Method = com.ntnu.idatt2105.controller.ReservationController#findAllReservations()

Async:
    Async started = false
     Async result = null

Resolved Exception:
             Type = null

ModelAndView:
        View name = null
             View = null
            Model = null

FlashMap:
       Attributes = null

MockHttpServletResponse:
           Status = 200
    Error message = null
          Headers = [Vary:"Origin", "Access-Control-Request-Method", "Access-Control-Request-Headers", Content-Type:"application/json", X-Content-Type-Options:"nosniff", X-XSS-Protection:"1; mode=block", Cache-Control:"no-cache, no-store, max-age=0, must-revalidate", Pragma:"no-cache", Expires:"0", X-Frame-Options:"DENY"]
     Content type = application/json
             Body = [{"id":14,"startTime":"07:45","endTime":"12:45","date":"2021-05-26","roomName":"SKM201","sections":[{"id":2,"name":"KjÃ¸kken med TV","suggestedAmountPeople":19},{"id":1,"name":"HTC Vive med PC","suggestedAmountPeople":10},{"id":3,"name":"Nintendo Switch med TV","suggestedAmountPeople":5}],"user":{"id":2,"phoneNumber":12345678,"firstname":"user","lastname":"user","email":"user@gmail.com","password":"$2a$10$Z9xAOR0OVslTr.DDziHhlepXjrBDzi.meolFfuLCfache4BlCHwda","valid":true,"role":{"id":2,"name":"USER"}},"sectionsById":[{"id":2,"name":"KjÃ¸kken med TV","suggestedAmountPeople":19},{"id":1,"name":"HTC Vive med PC","suggestedAmountPeople":10},{"id":3,"name":"Nintendo Switch med TV","suggestedAmountPeople":5}]},{"id":15,"startTime":"07:45","endTime":"12:45","date":"2021-05-26","roomName":"R201","sections":[{"id":4,"name":"Arbeidsplass 1","suggestedAmountPeople":30},{"id":6,"name":"PC med stor skjerm","suggestedAmountPeople":5},{"id":5,"name":"Leseplass 1","suggestedAmountPeople":34},{"id":8,"name":"Arbeidsplass 2","suggestedAmountPeople":25},{"id":7,"name":"Musikk annlegg","suggestedAmountPeople":8}],"user":{"id":2,"phoneNumber":12345678,"firstname":"user","lastname":"user","email":"user@gmail.com","password":"$2a$10$Z9xAOR0OVslTr.DDziHhlepXjrBDzi.meolFfuLCfache4BlCHwda","valid":true,"role":{"id":2,"name":"USER"}},"sectionsById":[{"id":4,"name":"Arbeidsplass 1","suggestedAmountPeople":30},{"id":6,"name":"PC med stor skjerm","suggestedAmountPeople":5},{"id":5,"name":"Leseplass 1","suggestedAmountPeople":34},{"id":8,"name":"Arbeidsplass 2","suggestedAmountPeople":25},{"id":7,"name":"Musikk annlegg","suggestedAmountPeople":8}]},{"id":16,"startTime":"07:45","endTime":"12:45","date":"2021-05-26","roomName":"SF111","sections":[{"id":9,"name":"PS5 med sofa","suggestedAmountPeople":4},{"id":10,"name":"Leseplass 10","suggestedAmountPeople":60}],"user":{"id":2,"phoneNumber":12345678,"firstname":"user","lastname":"user","email":"user@gmail.com","password":"$2a$10$Z9xAOR0OVslTr.DDziHhlepXjrBDzi.meolFfuLCfache4BlCHwda","valid":true,"role":{"id":2,"name":"USER"}},"sectionsById":[{"id":9,"name":"PS5 med sofa","suggestedAmountPeople":4},{"id":10,"name":"Leseplass 10","suggestedAmountPeople":60}]},{"id":17,"startTime":"08:15","endTime":"10:30","date":"2021-05-25","roomName":"SKM201","sections":[{"id":3,"name":"Nintendo Switch med TV","suggestedAmountPeople":5},{"id":2,"name":"KjÃ¸kken med TV","suggestedAmountPeople":19},{"id":1,"name":"HTC Vive med PC","suggestedAmountPeople":10}],"user":{"id":2,"phoneNumber":12345678,"firstname":"user","lastname":"user","email":"user@gmail.com","password":"$2a$10$Z9xAOR0OVslTr.DDziHhlepXjrBDzi.meolFfuLCfache4BlCHwda","valid":true,"role":{"id":2,"name":"USER"}},"sectionsById":[{"id":3,"name":"Nintendo Switch med TV","suggestedAmountPeople":5},{"id":2,"name":"KjÃ¸kken med TV","suggestedAmountPeople":19},{"id":1,"name":"HTC Vive med PC","suggestedAmountPeople":10}]},{"id":18,"startTime":"08:15","endTime":"10:30","date":"2021-05-25","roomName":"R201","sections":[{"id":7,"name":"Musikk annlegg","suggestedAmountPeople":8},{"id":4,"name":"Arbeidsplass 1","suggestedAmountPeople":30},{"id":6,"name":"PC med stor skjerm","suggestedAmountPeople":5},{"id":5,"name":"Leseplass 1","suggestedAmountPeople":34},{"id":8,"name":"Arbeidsplass 2","suggestedAmountPeople":25}],"user":{"id":2,"phoneNumber":12345678,"firstname":"user","lastname":"user","email":"user@gmail.com","password":"$2a$10$Z9xAOR0OVslTr.DDziHhlepXjrBDzi.meolFfuLCfache4BlCHwda","valid":true,"role":{"id":2,"name":"USER"}},"sectionsById":[{"id":7,"name":"Musikk annlegg","suggestedAmountPeople":8},{"id":4,"name":"Arbeidsplass 1","suggestedAmountPeople":30},{"id":6,"name":"PC med stor skjerm","suggestedAmountPeople":5},{"id":5,"name":"Leseplass 1","suggestedAmountPeople":34},{"id":8,"name":"Arbeidsplass 2","suggestedAmountPeople":25}]},{"id":19,"startTime":"08:15","endTime":"10:30","date":"2021-05-25","roomName":"SF111","sections":[{"id":9,"name":"PS5 med sofa","suggestedAmountPeople":4},{"id":10,"name":"Leseplass 10","suggestedAmountPeople":60}],"user":{"id":2,"phoneNumber":12345678,"firstname":"user","lastname":"user","email":"user@gmail.com","password":"$2a$10$Z9xAOR0OVslTr.DDziHhlepXjrBDzi.meolFfuLCfache4BlCHwda","valid":true,"role":{"id":2,"name":"USER"}},"sectionsById":[{"id":9,"name":"PS5 med sofa","suggestedAmountPeople":4},{"id":10,"name":"Leseplass 10","suggestedAmountPeople":60}]},{"id":20,"startTime":"07:00","endTime":"08:00","date":"2021-05-25","roomName":"SKM201","sections":[{"id":1,"name":"HTC Vive med PC","suggestedAmountPeople":10},{"id":3,"name":"Nintendo Switch med TV","suggestedAmountPeople":5},{"id":2,"name":"KjÃ¸kken med TV","suggestedAmountPeople":19}],"user":{"id":2,"phoneNumber":12345678,"firstname":"user","lastname":"user","email":"user@gmail.com","password":"$2a$10$Z9xAOR0OVslTr.DDziHhlepXjrBDzi.meolFfuLCfache4BlCHwda","valid":true,"role":{"id":2,"name":"USER"}},"sectionsById":[{"id":1,"name":"HTC Vive med PC","suggestedAmountPeople":10},{"id":3,"name":"Nintendo Switch med TV","suggestedAmountPeople":5},{"id":2,"name":"KjÃ¸kken med TV","suggestedAmountPeople":19}]},{"id":21,"startTime":"08:15","endTime":"12:15","date":"2021-05-27","roomName":"SKM201","sections":[{"id":2,"name":"KjÃ¸kken med TV","suggestedAmountPeople":19}],"user":{"id":2,"phoneNumber":12345678,"firstname":"user","lastname":"user","email":"user@gmail.com","password":"$2a$10$Z9xAOR0OVslTr.DDziHhlepXjrBDzi.meolFfuLCfache4BlCHwda","valid":true,"role":{"id":2,"name":"USER"}},"sectionsById":[{"id":2,"name":"KjÃ¸kken med TV","suggestedAmountPeople":19}]},{"id":28,"startTime":"10:00","endTime":"15:00","date":"2021-06-01","roomName":"Romnavn","sections":[],"user":null,"sectionsById":[]}]
    Forwarded URL = null
   Redirected URL = null
          Cookies = []
2021-05-21 19:21:28.067  INFO 2501 --- [           main] o.s.t.c.transaction.TransactionContext   : Rolled back transaction for test: [DefaultTestContext@5aa54204 testClass = ReservationControllerTest, testInstance = com.ntnu.idatt2105.ReservationControllerTest@c984aee, testMethod = testFindAllReservations@ReservationControllerTest, testException = java.lang.AssertionError: JSON path "$[0].roomName"
Expected: is "Romnavn"
     but: was "SKM201", mergedContextConfiguration = [WebMergedContextConfiguration@1be7388c testClass = ReservationControllerTest, locations = '{}', classes = '{class com.ntnu.idatt2105.Idatt2105Application}', contextInitializerClasses = '[]', activeProfiles = '{}', propertySourceLocations = '{}', propertySourceProperties = '{org.springframework.boot.test.context.SpringBootTestContextBootstrapper=true}', contextCustomizers = set[[ImportsContextCustomizer@4eeae57d key = [org.springframework.boot.test.autoconfigure.web.servlet.MockMvcAutoConfiguration, org.springframework.boot.test.autoconfigure.web.servlet.MockMvcWebClientAutoConfiguration, org.springframework.boot.test.autoconfigure.web.servlet.MockMvcWebDriverAutoConfiguration, org.springframework.boot.autoconfigure.security.oauth2.client.servlet.OAuth2ClientAutoConfiguration, org.springframework.boot.autoconfigure.security.oauth2.resource.servlet.OAuth2ResourceServerAutoConfiguration, org.springframework.boot.autoconfigure.security.servlet.SecurityAutoConfiguration, org.springframework.boot.autoconfigure.security.servlet.SecurityFilterAutoConfiguration, org.springframework.boot.autoconfigure.security.servlet.UserDetailsServiceAutoConfiguration, org.springframework.boot.test.autoconfigure.web.servlet.MockMvcSecurityConfiguration]], org.springframework.boot.test.context.filter.ExcludeFilterContextCustomizer@682c1e93, org.springframework.boot.test.json.DuplicateJsonObjectContextCustomizerFactory$DuplicateJsonObjectContextCustomizer@5b78fdb1, org.springframework.boot.test.mock.mockito.MockitoContextCustomizer@0, org.springframework.boot.test.web.client.TestRestTemplateContextCustomizer@278f8425, org.springframework.boot.test.autoconfigure.actuate.metrics.MetricsExportContextCustomizerFactory$DisableMetricExportContextCustomizer@61d01788, org.springframework.boot.test.autoconfigure.properties.PropertyMappingContextCustomizer@4b3fa0b3, org.springframework.boot.test.autoconfigure.web.servlet.WebDriverContextCustomizerFactory$Customizer@bdecc21, org.springframework.boot.test.context.SpringBootTestArgs@1, org.springframework.boot.test.context.SpringBootTestWebEnvironment@31edaa7d], resourceBasePath = 'src/main/webapp', contextLoader = 'org.springframework.boot.test.context.SpringBootContextLoader', parent = [null]], attributes = map['org.springframework.test.context.web.ServletTestExecutionListener.activateListener' -> true, 'org.springframework.test.context.web.ServletTestExecutionListener.populatedRequestContextHolder' -> true, 'org.springframework.test.context.web.ServletTestExecutionListener.resetRequestContextHolder' -> true, 'org.springframework.test.context.event.ApplicationEventsTestExecutionListener.recordApplicationEvents' -> false]]
]]></system-out>
  </testcase>
</testsuite>